<?xml version="1.0" encoding="UTF-8"?>
<!-- Generated by org.testng.reporters.JUnitXMLReporter -->
<testsuite ignored="1" hostname="AYUSH-GAMP" failures="0" tests="2" name="Default test" time="7.925" errors="0" timestamp="2025-04-28T18:26:54 IST">
  <testcase classname="SeleniumCodes.CarousalHandling" name="BrowserOpenAndNavigation" time="3.055"/>
  <testcase classname="SeleniumCodes.CarousalHandling" name="getRecommendedSectionContentList" time="4.843"/>
  <testcase classname="SeleniumCodes.CarousalHandling" name="getRecommendedContent" time="0.0">
    <ignored/>
  </testcase> <!-- getRecommendedContent -->
</testsuite> <!-- Default test -->
