<?xml version="1.0" encoding="UTF-8"?>
<!-- Generated by org.testng.reporters.JUnitXMLReporter -->
<testsuite ignored="0" hostname="AYUSH-GAMP" failures="0" tests="2" name="pomAndPageFactoryModel" time="3.733" errors="0" timestamp="2025-05-04T18:02:04 IST">
  <testcase classname="pomAndPageFactory.LoginPagePageFactory" name="FileInputStreamSetup" time="0.006"/>
  <testcase classname="pomAndPageFactory.LoginPagePageFactory" name="loginProcess" time="3.519"/>
</testsuite> <!-- pomAndPageFactoryModel -->
